*LIST PRINTER
**    CHE 341 LAB EXPERMENT NO. 5




    CHE 341 LAB EXPERMENT NO. 5                                                   PAGE   1

C-----------------------------------------------------------------------
C------   CHE 341 LAB EXPERIMENT NO. 5
C-----             FREE JET IN AIR
C-----    1 NOV 1968                   VERSION 1           PHK
C-----------------------------------------------------------------------
C-----    STATEMENT FUNCTION
      AREA(D) = (D/2.0)**2/144.0*3.14159
C-----
      C1 = 2.0/5.204*32.17/0.8092/0.001197/64.43
      DELPO = 1.27
      DJET = 0.903
      DORFP = 1.049
      XOLD = -1.0
      AJET = AREA(DJET)
      AORFP = AREA(DORFP)
      QORF = 0.6*((0.325/2.0/12.0)**2)*3.14159* SQRT(2.0*DELPO/70.73
     $    *32.17/0.002540*64.43)
      QJET = QORF*AJET/AORFP
      PRINT 6010, DELPO, DJET, AJET, DORFP, AORFP, QORF, QJET
C-----
   10 READ 6020, X, Y, Z, PMM
      DELP = ABS(PMM - 1.450)
      IF (X - XOLD) 20, 30, 20
   20 PRINT 6040, X
   30 U = SQRT(C1*DELP)
      R = SQRT((Y - 6.75)**2 + (Z - 8.00)**2)/12.0
      RU = R * U
      RU2 = R * U**2
      RU3 = R * U**3
      PRINT 6030, DELP, Y, Z, R, U, RU, RU2, RU3
      XOLD = X
      GO TO 10
C-----
 6010 FORMAT (//,21H1DELTA P (ORIFICE) = ,F5.2,4H IN.,/,13H0JET DIAM. =
     $    , F5.2,4H IN.,5X,11HJET AREA = ,F10.5,7H FT.SQ.,/,17H0OR.PIPE
     $DIAM. = ,F5.2,4H IN.,5X,15HOR.PIPE AREA = ,F10.5,7H FT.SQ./,16H0OR
     $IFICE FLOW = ,F12.5,10H CU.FT/SEC,/,12H0JET FLOW = ,F12.5,10H CU.F
     $T/SEC)
 6020 FORMAT (4F15.5)
 6030 FORMAT (1X,F6.4,2F7.2,F7.4,4F12.4)
 6040 FORMAT (9H1FOR X = ,F5.2,4H IN.,/,
     $    7H0 DEL P,5X,1HY,6X,1HZ,7X,1HR,8X,1HU,10X,2HRU,9X,         5HR
     $U**2,7X,5HRU**3/55X,8H(CU.FT /,4X,8H(FT**4 /,/,3(2X,5H(IN.)),3X,5H
     $(FT.),3X,8H(FT/SEC),2X,11H(SQ.FT/SEC),4X,7HSEC**2),5X,7HSEC**3)/,
     $3(2X,5H-----),3X,5(1H-),2X,9(1H-),3(2X,10H----------),/)
      END
    CHE 341 LAB EXPERMENT NO. 5                                                   PAGE   2

00009 20000000-1
00013 0002
00023 14400000-3
00033 31415900-1
00043 52040000-1
00053 32170000-2
00063 80920000-0
00073 11970000-K
00083 64430000-2
00093 12700000-1
00103 90300000-0
00113 10490000-1
00123 10000000-1
00133 60000000-0
00143 32500000-0
00153 12000000-2
00163 70730000-2
00173 25400000-K
00183 14500000-1
00193 67500000-1
00203 80000000-1
00207 0003
 00217     D*        00227     C1        00237  DELPO        00247   DJET        00257  DORFP        00267   XOLD
 00277   AJET        00287  AORFP        00297   QORF        00307   QJET        00317      X        00327      Y
 00337      Z        00347    PMM        00357   DELP        00367      U        00377      R        00387     RU
 00397    RU2        00407    RU3


    CHE 341 LAB EXPERMENT NO. 5                                                   PAGE   3

6010 01844  0010 01154  6020 02392  0020 01338  0030 01374  6040 02522  6030 02432


03200
      CORES USED
19999
      NEXT COMMON
END OF COMPILATION

DELTA P (ORIFICE) =  1.27 IN.

JET DIAM. =   .90 IN.     JET AREA =     .00444 FT.SQ.

OR.PIPE DIAM. =  1.04 IN.     OR.PIPE AREA =     .00600 FT.SQ.

ORIFICE FLOW =       .05917 CU.FT/SEC

JET FLOW =       .04384 CU.FT/SEC

FOR X =  0.00 IN.

 DEL P     Y      Z       R        U          RU         RU**2       RU**3
                                                      (CU.FT /    (FT**4 /
 (IN.)  (IN.)  (IN.)   (FT.)   (FT/SEC)  (SQ.FT/SEC)    SEC**2)     SEC**3)
 -----  -----  -----   -----  ---------  ----------  ----------  ----------

 .3314   6.75   8.00 0.0000      8.1026      0.0000      0.0000      0.0000

FOR X =  2.75 IN.

 DEL P     Y      Z       R        U          RU         RU**2       RU**3
                                                      (CU.FT /    (FT**4 /
 (IN.)  (IN.)  (IN.)   (FT.)   (FT/SEC)  (SQ.FT/SEC)    SEC**2)     SEC**3)
 -----  -----  -----   -----  ---------  ----------  ----------  ----------

 .2742   6.75   8.00 0.0000      7.3703      0.0000      0.0000      0.0000
 .1294   6.25   8.00  .0416      5.0631       .2109      1.0681      5.4081
 .0552   5.75   8.00  .0833      3.3069       .2755       .9113      3.0136
 .0552   5.75   8.00  .0833      3.3069       .2755       .9113      3.0136
 .0368   7.25   8.00  .0416      2.7000       .1125       .3037       .8201
 .0439   7.75   8.00  .0833      2.9490       .2457       .7247      2.1373
 .0439   8.25   8.00  .1250      2.9490       .3686      1.0871      3.2060
 .1193   6.75   7.50  .0416      4.8615       .2025       .9847      4.7874
 .0255   6.75   7.00  .0833      2.2476       .1873       .4209       .9462
 .3456   6.75   7.75  .0208      8.2744       .1723      1.4263     11.8026
 .0009   6.75   7.25  .0625       .4222       .0263       .0111       .0047
 .0193   6.75   6.75  .1041      1.9553       .2036       .3982       .7787
 .0193   6.75   6.50  .1250      1.9553       .2444       .4779       .9345
 .3062   6.75   8.25  .0208      7.7885       .1622      1.2637      9.8429
 .1015   6.75   8.50  .0416      4.4842       .1868       .8378      3.7570
 .0010   6.75   8.75  .0625       .4450       .0278       .0123       .0055
 .0022   6.75   9.00  .0833       .6601       .0550       .0363       .0239
 .0022   6.75   9.25  .1041       .6601       .0687       .0454       .0299

FOR X =  5.12 IN.

 DEL P     Y      Z       R        U          RU         RU**2       RU**3
                                                      (CU.FT /    (FT**4 /
 (IN.)  (IN.)  (IN.)   (FT.)   (FT/SEC)  (SQ.FT/SEC)    SEC**2)     SEC**3)
 -----  -----  -----   -----  ---------  ----------  ----------  ----------

 .3189   6.75   8.00 0.0000      7.9484      0.0000      0.0000      0.0000
 .2862   6.50   8.00  .0208      7.5298       .1568      1.1812      8.8944
 .1691   6.25   8.00  .0416      5.7879       .2411      1.3958      8.0790
 .0580   6.00   8.00  .0625      3.3897       .2118       .7181      2.4343
 .0184   5.75   8.00  .0833      1.9092       .1591       .3037       .5799
 .0184   5.50   8.00  .1041      1.9092       .1988       .3797       .7249
 .1480   6.75   7.50  .0416      5.4148       .2256      1.2216      6.6151
 .0264   6.75   7.00  .0833      2.2869       .1905       .4358       .9967
 .0264   6.75   6.50  .1250      2.2869       .2858       .6537      1.4951

FOR X =  7.12 IN.

 DEL P     Y      Z       R        U          RU         RU**2       RU**3
                                                      (CU.FT /    (FT**4 /
 (IN.)  (IN.)  (IN.)   (FT.)   (FT/SEC)  (SQ.FT/SEC)    SEC**2)     SEC**3)
 -----  -----  -----   -----  ---------  ----------  ----------  ----------

 .2491   6.75   8.00 0.0000      7.0248      0.0000      0.0000      0.0000
 .2243   6.50   8.00  .0208      6.6660       .1388       .9257      6.1710
 .1477   6.25   8.00  .0416      5.4093       .2253      1.2191      6.5950
 .0825   6.00   8.00  .0625      4.0427       .2526      1.0215      4.1297
 .0450   5.75   8.00  .0833      2.9857       .2488       .7429      2.2181
 .0177   5.50   8.00  .1041      1.8725       .1950       .3652       .6839
 .0177   5.25   8.00  .1250      1.8725       .2340       .4383       .8207
 .1260   6.75   7.50  .0416      4.9961       .2081      1.0400      5.1964
 .0299   6.75   7.00  .0833      2.4338       .2028       .4936      1.2013
 .0207   6.75   6.50  .1250      2.0250       .2531       .5126      1.0380
 .0207   6.75   6.00  .1666      2.0250       .3375       .6834      1.3840
