
SPS PROCESSOR  FOR 1620/1710 CARD I/O SYSTEM,DATED 1/1/1962

END OF PASSI
END OF PASSII
00099   PROD    00079   WORK    00406 *MAXADR   00411   MEMSZ   00413 *SCALDG
00415 *WORDSZ   00417 *WORDBT   00421 *DIGITS   00429   ZERO8   00434   A
00438   B       00442   C       00450   D       00454   E       00458   FADJ
00462   FLIM    00467   FLOC    00472   FTOP    00476   G       00478 *LINECT
00481   MSG1    00507   PIDIG   00513   MSG2    00539 *FINITO   00552   START
00900   INITF   00948   L1      01020   L2      01212   ENDL2   01380   DONE


CALCULATE 0640 DIGITS OF PI

3141 5926 5358 9793 2384 6264 3383 2795 0288 4197
1693 9937 5105 8209 7494 4592 3078 1640 6286 2089
9862 8034 8253 4211 7067 9821 4808 6513 2823 0664
7093 8446 0955 0582 2317 2535 9408 1284 8111 7450
2841 0270 1938 5211 0555 9644 6229 4895 4930 3819
6442 8810 9756 6593 3446 1284 7564 8233 7867 8316
5271 2019 0914 5648 5669 2346 0348 6104 5432 6648
2133 9360 7260 2491 4127 3724 5870 0660 6315 5881
7488 1520 9209 6282 9254 0917 1536 4367 8925 9036
0011 3305 3054 8820 4665 2138 4146 9519 4151 1609
4330 5727 0365 7595 9195 3092 1861 1738 1932 6117
9310 5118 5480 7446 2379 9627 4956 7351 8857 5272
4891 2279 3818 3011 9491 2983 3673 3624 4065 6643
0860 2139 4946 3952 2473 7190 7021 7986 0943 7027
7053 9217 1762 9317 6752 3846 7481 8467 6694 0513
2000 5681 2714 5263 5608 2778 5771 3427 5778 9609


FINITO_
